<?xml version="1.0" encoding="UTF-8" ?>
<testsuite failures="0" time="7.402" errors="0" skipped="1" tests="20" name="org.openoces.opensign.pdf.validator.ValidatorTestCase">
  <properties>
[...]
</properties>
  <testcase time="0.017" classname="org.openoces.opensign.pdf.validator.ValidatorTestCase" name="testMissingFile"/>
  <testcase time="0.018" classname="org.openoces.opensign.pdf.validator.ValidatorTestCase" name="testInvalidFile_0">
    <skipped/>
  </testcase>
  <testcase time="2.657" classname="org.openoces.opensign.pdf.validator.ValidatorTestCase" name="testInvalidFileWithFastFail_2"/>
  <testcase time="1.767" classname="org.openoces.opensign.pdf.validator.ValidatorTestCase" name="testInvalidFileWithoutFastFail_2"/>
  <testcase time="0.012" classname="org.openoces.opensign.pdf.validator.ValidatorTestCase" name="testInvalidFile_4"/>
  <testcase time="0.154" classname="org.openoces.opensign.pdf.validator.ValidatorTestCase" name="testInvalidFileWithoutFastFail_5"/>
  <testcase time="0.467" classname="org.openoces.opensign.pdf.validator.ValidatorTestCase" name="testDataOutsideObject"/>
  <testcase time="0.001" classname="org.openoces.opensign.pdf.validator.ValidatorTestCase" name="testNot_a_PDF_File"/>
  <testcase time="0.001" classname="org.openoces.opensign.pdf.validator.ValidatorTestCase" name="testLarge_file_when_uncompressed"/>
  <testcase time="0.022" classname="org.openoces.opensign.pdf.validator.ValidatorTestCase" name="testEncryptedFile"/>
  <testcase time="0.022" classname="org.openoces.opensign.pdf.validator.ValidatorTestCase" name="testEncryptedFile_open_edit"/>
  <testcase time="0.001" classname="org.openoces.opensign.pdf.validator.ValidatorTestCase" name="testnonEmbedded_nonstandad_font"/>
  <testcase time="0.009" classname="org.openoces.opensign.pdf.validator.ValidatorTestCase" name="testValidFile1"/>
  <testcase time="0.386" classname="org.openoces.opensign.pdf.validator.ValidatorTestCase" name="testValidFile_output_from_powerpoint"/>
  <testcase time="0.475" classname="org.openoces.opensign.pdf.validator.ValidatorTestCase" name="testValidFile_output_from_OO_Impress"/>
  <testcase time="0.481" classname="org.openoces.opensign.pdf.validator.ValidatorTestCase" name="testValidFile_output_from_OO_writer"/>
  <testcase time="0.532" classname="org.openoces.opensign.pdf.validator.ValidatorTestCase" name="testValidFile_output_from_Word"/>
  <testcase time="0.032" classname="org.openoces.opensign.pdf.validator.ValidatorTestCase" name="testValidFile_6"/>
  <testcase time="0.097" classname="org.openoces.opensign.pdf.validator.ValidatorTestCase" name="testValidFile_7"/>
  <testcase time="0.251" classname="org.openoces.opensign.pdf.validator.ValidatorTestCase" name="testValidFile_8"/>
</testsuite>