<?xml version="1.0" encoding="UTF-8" ?>
<testsuite failures="0" time="6.773" errors="0" skipped="1" tests="20" name="org.openoces.opensign.pdf.validator.ValidatorTestCase">
  <properties>
[...]
</properties>
  <testcase time="0.025" classname="org.openoces.opensign.pdf.validator.ValidatorTestCase" name="testMissingFile"/>
  <testcase time="0.028" classname="org.openoces.opensign.pdf.validator.ValidatorTestCase" name="testInvalidFile_0">
    <skipped/>
  </testcase>
  <testcase time="2.362" classname="org.openoces.opensign.pdf.validator.ValidatorTestCase" name="testInvalidFileWithFastFail_2"/>
  <testcase time="1.497" classname="org.openoces.opensign.pdf.validator.ValidatorTestCase" name="testInvalidFileWithoutFastFail_2"/>
  <testcase time="0.011" classname="org.openoces.opensign.pdf.validator.ValidatorTestCase" name="testInvalidFile_4"/>
  <testcase time="0.098" classname="org.openoces.opensign.pdf.validator.ValidatorTestCase" name="testInvalidFileWithoutFastFail_5"/>
  <testcase time="0.372" classname="org.openoces.opensign.pdf.validator.ValidatorTestCase" name="testDataOutsideObject"/>
  <testcase time="0" classname="org.openoces.opensign.pdf.validator.ValidatorTestCase" name="testNot_a_PDF_File"/>
  <testcase time="0" classname="org.openoces.opensign.pdf.validator.ValidatorTestCase" name="testLarge_file_when_uncompressed"/>
  <testcase time="0.018" classname="org.openoces.opensign.pdf.validator.ValidatorTestCase" name="testEncryptedFile"/>
  <testcase time="0.045" classname="org.openoces.opensign.pdf.validator.ValidatorTestCase" name="testEncryptedFile_open_edit"/>
  <testcase time="0" classname="org.openoces.opensign.pdf.validator.ValidatorTestCase" name="testnonEmbedded_nonstandad_font"/>
  <testcase time="0.006" classname="org.openoces.opensign.pdf.validator.ValidatorTestCase" name="testValidFile1"/>
  <testcase time="0.317" classname="org.openoces.opensign.pdf.validator.ValidatorTestCase" name="testValidFile_output_from_powerpoint"/>
  <testcase time="0.539" classname="org.openoces.opensign.pdf.validator.ValidatorTestCase" name="testValidFile_output_from_OO_Impress"/>
  <testcase time="0.395" classname="org.openoces.opensign.pdf.validator.ValidatorTestCase" name="testValidFile_output_from_OO_writer"/>
  <testcase time="0.68" classname="org.openoces.opensign.pdf.validator.ValidatorTestCase" name="testValidFile_output_from_Word"/>
  <testcase time="0.031" classname="org.openoces.opensign.pdf.validator.ValidatorTestCase" name="testValidFile_6"/>
  <testcase time="0.093" classname="org.openoces.opensign.pdf.validator.ValidatorTestCase" name="testValidFile_7"/>
  <testcase time="0.247" classname="org.openoces.opensign.pdf.validator.ValidatorTestCase" name="testValidFile_8"/>
</testsuite>