<?xml version="1.0" encoding="UTF-8" ?>
<testsuite failures="0" time="0.716" errors="0" skipped="1" tests="11" name="org.openoces.opensign.certificate.support.suncrypto.SunCryptoSupportTest">
  <properties>
[...]
</properties>
  <testcase time="0" classname="org.openoces.opensign.certificate.support.suncrypto.SunCryptoSupportTest" name="verify">
    <skipped/>
  </testcase>
  <testcase time="0.392" classname="org.openoces.opensign.certificate.support.suncrypto.SunCryptoSupportTest" name="getCertificateChain"/>
  <testcase time="0.017" classname="org.openoces.opensign.certificate.support.suncrypto.SunCryptoSupportTest" name="signSHA256withRSA"/>
  <testcase time="0.005" classname="org.openoces.opensign.certificate.support.suncrypto.SunCryptoSupportTest" name="signSHA1withRSA"/>
  <testcase time="0.001" classname="org.openoces.opensign.certificate.support.suncrypto.SunCryptoSupportTest" name="sha1"/>
  <testcase time="0.001" classname="org.openoces.opensign.certificate.support.suncrypto.SunCryptoSupportTest" name="sha256"/>
  <testcase time="0.002" classname="org.openoces.opensign.certificate.support.suncrypto.SunCryptoSupportTest" name="getPrivateKey"/>
  <testcase time="0.003" classname="org.openoces.opensign.certificate.support.suncrypto.SunCryptoSupportTest" name="getCertInfoFromKeyStore"/>
  <testcase time="0.009" classname="org.openoces.opensign.certificate.support.suncrypto.SunCryptoSupportTest" name="getCertInfoFromFile"/>
  <testcase time="0.03" classname="org.openoces.opensign.certificate.support.suncrypto.SunCryptoSupportTest" name="getKeyStoreFromOces"/>
  <testcase time="0.223" classname="org.openoces.opensign.certificate.support.suncrypto.SunCryptoSupportTest" name="httpsPost"/>
</testsuite>